Z80 Macro Assembler ZMA v1.0.15
=====================================================
Programmed by t.hara

<< code >>
[	ORG 0X100]
	code address: 0x000100

[ENTRY_POINT ::]
	global label address: 0x000100

[	LD A , 0X01] Z80:8cyc, R800:2cyc
000100: 3e 01

[	LD H , 0X40] Z80:8cyc, R800:2cyc
000102: 26 40

[	CALL ENASLT] Z80:18cyc, R800:5cyc
000104: cd 24 00

[	LD A , 0X01] Z80:8cyc, R800:2cyc
000107: 3e 01

[	LD H , 0X80] Z80:8cyc, R800:2cyc
000109: 26 80

[	CALL ENASLT] Z80:18cyc, R800:5cyc
00010b: cd 24 00

[	LD A , 1] Z80:8cyc, R800:2cyc
00010e: 3e 01

[	LD [ BANK0_SEL ] , A] Z80:14cyc, R800:6cyc
000110: 32 00 50

[	LD A , 6] Z80:8cyc, R800:2cyc
000113: 3e 06

[	LD [ BANK1_SEL ] , A] Z80:14cyc, R800:6cyc
000115: 32 00 70

[	LD A , 0] Z80:8cyc, R800:2cyc
000118: 3e 00

[	LD [ BANK2_SEL ] , A] Z80:14cyc, R800:6cyc
00011a: 32 00 90

[	LD HL , 0X8000] Z80:11cyc, R800:3cyc
00011d: 21 00 80

[	LD A , 0XAA] Z80:8cyc, R800:2cyc
000120: 3e aa

[	LD [ CMD_5555 ] , A] Z80:14cyc, R800:6cyc
000122: 32 55 65

[	LD A , 0X55] Z80:8cyc, R800:2cyc
000125: 3e 55

[	LD [ CMD_2AAA ] , A] Z80:14cyc, R800:6cyc
000127: 32 aa 4a

[	LD A , 0X90] Z80:8cyc, R800:2cyc
00012a: 3e 90

[	LD [ CMD_5555 ] , A] Z80:14cyc, R800:6cyc
00012c: 32 55 65

[	LD C , [ HL ]] Z80:8cyc, R800:4cyc
00012f: 4e

[	INC HL] Z80:7cyc, R800:1cyc
000130: 23

[	LD B , [ HL ]] Z80:8cyc, R800:4cyc
000131: 46

[	LD [ SAVE_DEVICE_ID ] , BC] Z80:22cyc, R800:8cyc
000132: ed 43 8a 01

[	LD A , [ RAMAD1 ]] Z80:14cyc, R800:6cyc
000136: 3a 42 f3

[	LD H , 0X40] Z80:8cyc, R800:2cyc
000139: 26 40

[	CALL ENASLT] Z80:18cyc, R800:5cyc
00013b: cd 24 00

[	LD A , [ RAMAD2 ]] Z80:14cyc, R800:6cyc
00013e: 3a 43 f3

[	LD H , 0X80] Z80:8cyc, R800:2cyc
000141: 26 80

[	CALL ENASLT] Z80:18cyc, R800:5cyc
000143: cd 24 00

[	EI] Z80:5cyc, R800:1cyc
000146: fb

[	LD DE , TITLE_MESSAGE] Z80:11cyc, R800:3cyc
000147: 11 8c 01

[	LD C , _STROUT] Z80:8cyc, R800:2cyc
00014a: 0e 09

[	CALL BDOS] Z80:18cyc, R800:5cyc
00014c: cd 05 00

[	LD A , [ SAVE_DEVICE_ID + 0 ]] Z80:14cyc, R800:6cyc
00014f: 3a 8a 01

[	CALL PUTHEX] Z80:18cyc, R800:5cyc
000152: cd 6f 01

[	LD E , 45] Z80:8cyc, R800:2cyc
000155: 1e 2d

[	LD C , _DIRIO] Z80:8cyc, R800:2cyc
000157: 0e 06

[	CALL BDOS] Z80:18cyc, R800:5cyc
000159: cd 05 00

[	LD A , [ SAVE_DEVICE_ID + 1 ]] Z80:14cyc, R800:6cyc
00015c: 3a 8b 01

[	CALL PUTHEX] Z80:18cyc, R800:5cyc
00015f: cd 6f 01

[	LD DE , COMPLETED_MESSAGE] Z80:11cyc, R800:3cyc
000162: 11 d3 01

[	LD C , _STROUT] Z80:8cyc, R800:2cyc
000165: 0e 09

[	CALL BDOS] Z80:18cyc, R800:5cyc
000167: cd 05 00

[	LD C , _TERM0] Z80:8cyc, R800:2cyc
00016a: 0e 00

[	JP BDOS] Z80:11cyc, R800:5cyc
00016c: c3 05 00

[	SCOPE PUTHEX]
	Scope path: PUTHEX:

[PUTHEX ::]
	global label address: 0x00016f

[	PUSH AF] Z80:12cyc, R800:6cyc
00016f: f5

[	RRCA] Z80:5cyc, R800:1cyc
000170: 0f

[	RRCA] Z80:5cyc, R800:1cyc
000171: 0f

[	RRCA] Z80:5cyc, R800:1cyc
000172: 0f

[	RRCA] Z80:5cyc, R800:1cyc
000173: 0f

[	CALL PUTHEX_C] Z80:18cyc, R800:5cyc
000174: cd 7b 01

[	POP AF] Z80:11cyc, R800:5cyc
000177: f1

[	JP PUTHEX_C] Z80:11cyc, R800:5cyc
000178: c3 7b 01

[	ENDSCOPE]
	Scope path: 

[	SCOPE PUTHEX_C]
	Scope path: PUTHEX_C:

[PUTHEX_C ::]
	global label address: 0x00017b

[	AND A , 0X0F] Z80:8cyc, R800:2cyc
00017b: e6 0f

[	LD HL , HEX_CHARACTERS] Z80:11cyc, R800:3cyc
00017d: 21 c3 01

[	LD D , 0] Z80:8cyc, R800:2cyc
000180: 16 00

[	LD E , A] Z80:5cyc, R800:2cyc
000182: 5f

[	ADD HL , DE] Z80:12cyc, R800:1cyc
000183: 19

[	LD E , [ HL ]] Z80:8cyc, R800:4cyc
000184: 5e

[	LD C , _DIRIO] Z80:8cyc, R800:2cyc
000185: 0e 06

[	JP BDOS] Z80:11cyc, R800:5cyc
000187: c3 05 00

[	ENDSCOPE]
	Scope path: 

[SAVE_DEVICE_ID :]
	label address: 0x00018a

[	DW 0]
00018a: 00 00

[TITLE_MESSAGE :]
	label address: 0x00018c

[	DS "SST Checker v0.00\r\n"]
00018c: 53 53 54 20 43 68 65 63
000194: 6b 65 72 20 76 30 2e 30
00019c: 30 0d 0a

[	DS "Copyright (C)2022 HRA!\r\n"]
00019f: 43 6f 70 79 72 69 67 68
0001a7: 74 20 28 43 29 32 30 32
0001af: 32 20 48 52 41 21 0d 0a

[	DS "Device ID: $"]
0001b7: 44 65 76 69 63 65 20 49
0001bf: 44 3a 20 24

[HEX_CHARACTERS :]
	label address: 0x0001c3

[	DS "0123456789ABCDEF"]
0001c3: 30 31 32 33 34 35 36 37
0001cb: 38 39 41 42 43 44 45 46

[COMPLETED_MESSAGE :]
	label address: 0x0001d3

[	DS "\r\nCompleted.\r\n$"]
0001d3: 0d 0a 43 6f 6d 70 6c 65
0001db: 74 65 64 2e 0d 0a 24

<< label >>
BANK0_SEL 20480 ( 0x5000 )
BANK1_SEL 28672 ( 0x7000 )
BANK2_SEL 36864 ( 0x9000 )
BANK3_SEL 45056 ( 0xb000 )
BDOS 5 ( 0x5 )
CMD_2AAA 19114 ( 0x4aaa )
CMD_5555 25941 ( 0x6555 )
COMPLETED_MESSAGE 467 ( 0x1d3 )
ENASLT 36 ( 0x24 )
ENTRY_POINT 256 ( 0x100 )
HEX_CHARACTERS 451 ( 0x1c3 )
PUTHEX 367 ( 0x16f )
PUTHEX_C 379 ( 0x17b )
RAMAD0 62273 ( 0xf341 )
RAMAD1 62274 ( 0xf342 )
RAMAD2 62275 ( 0xf343 )
RAMAD3 62276 ( 0xf344 )
SAVE_DEVICE_ID 394 ( 0x18a )
TITLE_MESSAGE 396 ( 0x18c )
_DIRIO 6 ( 0x6 )
_STROUT 9 ( 0x9 )
_TERM0 0 ( 0x0 )
